{
  "timestamp": 1656303073,
  "loadlavg": {
    "cpu_treads": 12,
    "cpu_la1": "0.05",
    "cpu_la5": "0.13",
    "cpu_la15": "0.12"
  },
  "meminfo": {
    "MemTotal:": "16099264",
    "MemFree:": "2842396",
    "MemAvailable:": "9672952",
    "Buffers:": "803624",
    "Cached:": "6090240",
    "SwapCached:": "0",
    "Active:": "8484036",
    "Inactive:": "3797612",
    "Active(anon):": "5387836",
    "Inactive(anon):": "174532",
    "Active(file):": "3096200",
    "Inactive(file):": "3623080",
    "Unevictable:": "18756",
    "Mlocked:": "18756",
    "SwapTotal:": "4194300",
    "SwapFree:": "4194300",
    "Dirty:": "1240",
    "Writeback:": "0",
    "AnonPages:": "5403864",
    "Mapped:": "930160",
    "Shmem:": "177452",
    "KReclaimable:": "453364",
    "Slab:": "748648",
    "SReclaimable:": "453364",
    "SUnreclaim:": "295284",
    "KernelStack:": "32272",
    "PageTables:": "58696",
    "NFS_Unstable:": "0",
    "Bounce:": "0",
    "WritebackTmp:": "0",
    "CommitLimit:": "12243932",
    "Committed_AS:": "15918620",
    "VmallocTotal:": "34359738367",
    "VmallocUsed:": "57064",
    "VmallocChunk:": "0",
    "Percpu:": "21120",
    "HardwareCorrupted:": "0",
    "AnonHugePages:": "2048",
    "ShmemHugePages:": "0",
    "ShmemPmdMapped:": "0",
    "FileHugePages:": "0",
    "FilePmdMapped:": "0",
    "CmaTotal:": "0",
    "CmaFree:": "0",
    "HugePages_Total:": "0",
    "HugePages_Free:": "0",
    "HugePages_Rsvd:": "0",
    "HugePages_Surp:": "0",
    "Hugepagesize:": "2048",
    "Hugetlb:": "0",
    "DirectMap4k:": "594944",
    "DirectMap2M:": "15890432",
    "DirectMap1G:": "0"
  },
  "diskstats": {
    "loop0": {
      "rd_comp": "80",
      "rd_mrg": "0",
      "rd_sector": "2468",
      "ms_reading": "211",
      "wr_comp": "0",
      "wr_mrg": "0",
      "wr_sector": "0",
      "ms_writting": "0",
      "cur_ios": "0",
      "ms_doing_io": "164",
      "ms_weighted": "176",
      "disc_comp": "0",
      "disc_merg": "0",
      "disc_sect": "0",
      "ms_disc": "0",
      "Inodes": "12849",
      "IUsed": "12849",
      "IFree": "0",
      "IUsed%": "100%"
    },
    "loop1": {
      "rd_comp": "54",
      "rd_mrg": "0",
      "rd_sector": "974",
      "ms_reading": "84",
      "wr_comp": "0",
      "wr_mrg": "0",
      "wr_sector": "0",
      "ms_writting": "0",
      "cur_ios": "0",
      "ms_doing_io": "104",
      "ms_weighted": "60",
      "disc_comp": "0",
      "disc_merg": "0",
      "disc_sect": "0",
      "ms_disc": "0",
      "Inodes": "10849",
      "IUsed": "10849",
      "IFree": "0",
      "IUsed%": "100%"
    },
    "loop2": {
      "rd_comp": "30722",
      "rd_mrg": "0",
      "rd_sector": "63734",
      "ms_reading": "28134",
      "wr_comp": "0",
      "wr_mrg": "0",
      "wr_sector": "0",
      "ms_writting": "0",
      "cur_ios": "0",
      "ms_doing_io": "3100",
      "ms_weighted": "22648",
      "disc_comp": "0",
      "disc_merg": "0",
      "disc_sect": "0",
      "ms_disc": "0",
      "Inodes": "5814",
      "IUsed": "5814",
      "IFree": "0",
      "IUsed%": "100%"
    },
    "loop3": {
      "rd_comp": "3702",
      "rd_mrg": "0",
      "rd_sector": "8270",
      "ms_reading": "17531",
      "wr_comp": "0",
      "wr_mrg": "0",
      "wr_sector": "0",
      "ms_writting": "0",
      "cur_ios": "0",
      "ms_doing_io": "1036",
      "ms_weighted": "14800",
      "disc_comp": "0",
      "disc_merg": "0",
      "disc_sect": "0",
      "ms_disc": "0",
      "Inodes": "10857",
      "IUsed": "10857",
      "IFree": "0",
      "IUsed%": "100%"
    },
    "loop4": {
      "rd_comp": "63",
      "rd_mrg": "0",
      "rd_sector": "2446",
      "ms_reading": "160",
      "wr_comp": "0",
      "wr_mrg": "0",
      "wr_sector": "0",
      "ms_writting": "0",
      "cur_ios": "0",
      "ms_doing_io": "148",
      "ms_weighted": "120",
      "disc_comp": "0",
      "disc_merg": "0",
      "disc_sect": "0",
      "ms_disc": "0",
      "Inodes": "12848",
      "IUsed": "12848",
      "IFree": "0",
      "IUsed%": "100%"
    },
    "loop5": {
      "rd_comp": "78",
      "rd_mrg": "0",
      "rd_sector": "2446",
      "ms_reading": "234",
      "wr_comp": "0",
      "wr_mrg": "0",
      "wr_sector": "0",
      "ms_writting": "0",
      "cur_ios": "0",
      "ms_doing_io": "196",
      "ms_weighted": "180",
      "disc_comp": "0",
      "disc_merg": "0",
      "disc_sect": "0",
      "ms_disc": "0",
      "Inodes": "802",
      "IUsed": "802",
      "IFree": "0",
      "IUsed%": "100%"
    },
    "loop6": {
      "rd_comp": "59",
      "rd_mrg": "0",
      "rd_sector": "2152",
      "ms_reading": "156",
      "wr_comp": "0",
      "wr_mrg": "0",
      "wr_sector": "0",
      "ms_writting": "0",
      "cur_ios": "0",
      "ms_doing_io": "124",
      "ms_weighted": "128",
      "disc_comp": "0",
      "disc_merg": "0",
      "disc_sect": "0",
      "ms_disc": "0",
      "Inodes": "2000503",
      "IUsed": "567",
      "IFree": "1999936",
      "IUsed%": "1%"
    },
    "loop7": {
      "rd_comp": "68",
      "rd_mrg": "0",
      "rd_sector": "2444",
      "ms_reading": "157",
      "wr_comp": "0",
      "wr_mrg": "0",
      "wr_sector": "0",
      "ms_writting": "0",
      "cur_ios": "0",
      "ms_doing_io": "168",
      "ms_weighted": "116",
      "disc_comp": "0",
      "disc_merg": "0",
      "disc_sect": "0",
      "ms_disc": "0",
      "Inodes": "804",
      "IUsed": "804",
      "IFree": "0",
      "IUsed%": "100%"
    },
    "sdc": {
      "rd_comp": "62905",
      "rd_mrg": "18618",
      "rd_sector": "4446759",
      "ms_reading": "172671",
      "wr_comp": "7392631",
      "wr_mrg": "2867296",
      "wr_sector": "124378186",
      "ms_writting": "29627235",
      "cur_ios": "0",
      "ms_doing_io": "3277536",
      "ms_weighted": "23784404",
      "disc_comp": "0",
      "disc_merg": "0",
      "disc_sect": "0",
      "ms_disc": "0",
      "Inodes": "2000503",
      "IUsed": "567",
      "IFree": "1999936",
      "IUsed%": "1%"
    },
    "sdc1": {
      "rd_comp": "2484",
      "rd_mrg": "121",
      "rd_sector": "31052",
      "ms_reading": "10770",
      "wr_comp": "2",
      "wr_mrg": "0",
      "wr_sector": "2",
      "ms_writting": "0",
      "cur_ios": "0",
      "ms_doing_io": "780",
      "ms_weighted": "6360",
      "disc_comp": "0",
      "disc_merg": "0",
      "disc_sect": "0",
      "ms_disc": "0",
      "Inodes": "0",
      "IUsed": "0",
      "IFree": "0",
      "IUsed%": "-"
    },
    "sdc2": {
      "rd_comp": "559",
      "rd_mrg": "353",
      "rd_sector": "53100",
      "ms_reading": "769",
      "wr_comp": "603",
      "wr_mrg": "123",
      "wr_sector": "216600",
      "ms_writting": "14101",
      "cur_ios": "0",
      "ms_doing_io": "1764",
      "ms_weighted": "13688",
      "disc_comp": "0",
      "disc_merg": "0",
      "disc_sect": "0",
      "ms_disc": "0",
      "Inodes": "98304",
      "IUsed": "311",
      "IFree": "97993",
      "IUsed%": "1%"
    },
    "sdc3": {
      "rd_comp": "59238",
      "rd_mrg": "18144",
      "rd_sector": "4341960",
      "ms_reading": "160922",
      "wr_comp": "7392026",
      "wr_mrg": "2867173",
      "wr_sector": "124161584",
      "ms_writting": "29613132",
      "cur_ios": "0",
      "ms_doing_io": "3275860",
      "ms_weighted": "23764264",
      "disc_comp": "0",
      "disc_merg": "0",
      "disc_sect": "0",
      "ms_disc": "0",
      "Inodes": "2000503",
      "IUsed": "567",
      "IFree": "1999936",
      "IUsed%": "1%"
    },
    "sda": {
      "rd_comp": "393",
      "rd_mrg": "0",
      "rd_sector": "29563",
      "ms_reading": "999",
      "wr_comp": "0",
      "wr_mrg": "0",
      "wr_sector": "0",
      "ms_writting": "0",
      "cur_ios": "0",
      "ms_doing_io": "1048",
      "ms_weighted": "864",
      "disc_comp": "0",
      "disc_merg": "0",
      "disc_sect": "0",
      "ms_disc": "0",
      "Inodes": "2000503",
      "IUsed": "567",
      "IFree": "1999936",
      "IUsed%": "1%"
    },
    "sda1": {
      "rd_comp": "254",
      "rd_mrg": "0",
      "rd_sector": "23844",
      "ms_reading": "557",
      "wr_comp": "0",
      "wr_mrg": "0",
      "wr_sector": "0",
      "ms_writting": "0",
      "cur_ios": "0",
      "ms_doing_io": "624",
      "ms_weighted": "472",
      "disc_comp": "0",
      "disc_merg": "0",
      "disc_sect": "0",
      "ms_disc": "0",
      "Inodes": "2000503",
      "IUsed": "567",
      "IFree": "1999936",
      "IUsed%": "1%"
    },
    "sdb": {
      "rd_comp": "393",
      "rd_mrg": "0",
      "rd_sector": "29563",
      "ms_reading": "952",
      "wr_comp": "0",
      "wr_mrg": "0",
      "wr_sector": "0",
      "ms_writting": "0",
      "cur_ios": "0",
      "ms_doing_io": "1012",
      "ms_weighted": "796",
      "disc_comp": "0",
      "disc_merg": "0",
      "disc_sect": "0",
      "ms_disc": "0",
      "Inodes": "2000503",
      "IUsed": "567",
      "IFree": "1999936",
      "IUsed%": "1%"
    },
    "sdb1": {
      "rd_comp": "254",
      "rd_mrg": "0",
      "rd_sector": "23844",
      "ms_reading": "561",
      "wr_comp": "0",
      "wr_mrg": "0",
      "wr_sector": "0",
      "ms_writting": "0",
      "cur_ios": "0",
      "ms_doing_io": "640",
      "ms_weighted": "460",
      "disc_comp": "0",
      "disc_merg": "0",
      "disc_sect": "0",
      "ms_disc": "0",
      "Inodes": "2000503",
      "IUsed": "567",
      "IFree": "1999936",
      "IUsed%": "1%"
    },
    "dm-0": {
      "rd_comp": "77119",
      "rd_mrg": "0",
      "rd_sector": "4149014",
      "ms_reading": "310924",
      "wr_comp": "10218299",
      "wr_mrg": "0",
      "wr_sector": "124161584",
      "ms_writting": "36867960",
      "cur_ios": "0",
      "ms_doing_io": "3266208",
      "ms_weighted": "37178884",
      "disc_comp": "0",
      "disc_merg": "0",
      "disc_sect": "0",
      "ms_disc": "0",
      "Inodes": "247349248",
      "IUsed": "616317",
      "IFree": "246732931",
      "IUsed%": "1%"
    },
    "loop8": {
      "rd_comp": "16424",
      "rd_mrg": "0",
      "rd_sector": "33720",
      "ms_reading": "16402",
      "wr_comp": "0",
      "wr_mrg": "0",
      "wr_sector": "0",
      "ms_writting": "0",
      "cur_ios": "0",
      "ms_doing_io": "1392",
      "ms_weighted": "12356",
      "disc_comp": "0",
      "disc_merg": "0",
      "disc_sect": "0",
      "ms_disc": "0",
      "Inodes": "16",
      "IUsed": "16",
      "IFree": "0",
      "IUsed%": "100%"
    },
    "loop9": {
      "rd_comp": "61",
      "rd_mrg": "0",
      "rd_sector": "2440",
      "ms_reading": "133",
      "wr_comp": "0",
      "wr_mrg": "0",
      "wr_sector": "0",
      "ms_writting": "0",
      "cur_ios": "0",
      "ms_doing_io": "112",
      "ms_weighted": "100",
      "disc_comp": "0",
      "disc_merg": "0",
      "disc_sect": "0",
      "ms_disc": "0",
      "Inodes": "796",
      "IUsed": "796",
      "IFree": "0",
      "IUsed%": "100%"
    },
    "loop10": {
      "rd_comp": "56",
      "rd_mrg": "0",
      "rd_sector": "972",
      "ms_reading": "132",
      "wr_comp": "0",
      "wr_mrg": "0",
      "wr_sector": "0",
      "ms_writting": "0",
      "cur_ios": "0",
      "ms_doing_io": "152",
      "ms_weighted": "92",
      "disc_comp": "0",
      "disc_merg": "0",
      "disc_sect": "0",
      "ms_disc": "0",
      "Inodes": "11789",
      "IUsed": "11789",
      "IFree": "0",
      "IUsed%": "100%"
    },
    "loop11": {
      "rd_comp": "49",
      "rd_mrg": "0",
      "rd_sector": "965",
      "ms_reading": "99",
      "wr_comp": "0",
      "wr_mrg": "0",
      "wr_sector": "0",
      "ms_writting": "0",
      "cur_ios": "0",
      "ms_doing_io": "112",
      "ms_weighted": "68",
      "disc_comp": "0",
      "disc_merg": "0",
      "disc_sect": "0",
      "ms_disc": "0",
      "Inodes": "13",
      "IUsed": "13",
      "IFree": "0",
      "IUsed%": "100%"
    },
    "loop12": {
      "rd_comp": "1513",
      "rd_mrg": "0",
      "rd_sector": "3922",
      "ms_reading": "4212",
      "wr_comp": "0",
      "wr_mrg": "0",
      "wr_sector": "0",
      "ms_writting": "0",
      "cur_ios": "0",
      "ms_doing_io": "404",
      "ms_weighted": "3332",
      "disc_comp": "0",
      "disc_merg": "0",
      "disc_sect": "0",
      "ms_disc": "0",
      "Inodes": "11789",
      "IUsed": "11789",
      "IFree": "0",
      "IUsed%": "100%"
    },
    "loop13": {
      "rd_comp": "52",
      "rd_mrg": "0",
      "rd_sector": "970",
      "ms_reading": "63",
      "wr_comp": "0",
      "wr_mrg": "0",
      "wr_sector": "0",
      "ms_writting": "0",
      "cur_ios": "0",
      "ms_doing_io": "56",
      "ms_weighted": "44",
      "disc_comp": "0",
      "disc_merg": "0",
      "disc_sect": "0",
      "ms_disc": "0",
      "Inodes": "484",
      "IUsed": "484",
      "IFree": "0",
      "IUsed%": "100%"
    },
    "loop14": {
      "rd_comp": "67",
      "rd_mrg": "0",
      "rd_sector": "2448",
      "ms_reading": "55",
      "wr_comp": "0",
      "wr_mrg": "0",
      "wr_sector": "0",
      "ms_writting": "0",
      "cur_ios": "0",
      "ms_doing_io": "72",
      "ms_weighted": "24",
      "disc_comp": "0",
      "disc_merg": "0",
      "disc_sect": "0",
      "ms_disc": "0",
      "Inodes": "5814",
      "IUsed": "5814",
      "IFree": "0",
      "IUsed%": "100%"
    },
    "loop15": {
      "rd_comp": "76",
      "rd_mrg": "0",
      "rd_sector": "2454",
      "ms_reading": "134",
      "wr_comp": "0",
      "wr_mrg": "0",
      "wr_sector": "0",
      "ms_writting": "0",
      "cur_ios": "0",
      "ms_doing_io": "140",
      "ms_weighted": "96",
      "disc_comp": "0",
      "disc_merg": "0",
      "disc_sect": "0",
      "ms_disc": "0",
      "Inodes": "51464",
      "IUsed": "51464",
      "IFree": "0",
      "IUsed%": "100%"
    },
    "loop16": {
      "rd_comp": "21127",
      "rd_mrg": "0",
      "rd_sector": "43120",
      "ms_reading": "26436",
      "wr_comp": "0",
      "wr_mrg": "0",
      "wr_sector": "0",
      "ms_writting": "0",
      "cur_ios": "0",
      "ms_doing_io": "1860",
      "ms_weighted": "20960",
      "disc_comp": "0",
      "disc_merg": "0",
      "disc_sect": "0",
      "ms_disc": "0",
      "Inodes": "486",
      "IUsed": "486",
      "IFree": "0",
      "IUsed%": "100%"
    },
    "loop17": {
      "rd_comp": "58",
      "rd_mrg": "0",
      "rd_sector": "988",
      "ms_reading": "89",
      "wr_comp": "0",
      "wr_mrg": "0",
      "wr_sector": "0",
      "ms_writting": "0",
      "cur_ios": "0",
      "ms_doing_io": "88",
      "ms_weighted": "56",
      "disc_comp": "0",
      "disc_merg": "0",
      "disc_sect": "0",
      "ms_disc": "0",
      "Inodes": "3933",
      "IUsed": "3933",
      "IFree": "0",
      "IUsed%": "100%"
    },
    "loop18": {
      "rd_comp": "73",
      "rd_mrg": "0",
      "rd_sector": "2460",
      "ms_reading": "1",
      "wr_comp": "0",
      "wr_mrg": "0",
      "wr_sector": "0",
      "ms_writting": "0",
      "cur_ios": "0",
      "ms_doing_io": "24",
      "ms_weighted": "0",
      "disc_comp": "0",
      "disc_merg": "0",
      "disc_sect": "0",
      "ms_disc": "0",
      "Inodes": "804",
      "IUsed": "804",
      "IFree": "0",
      "IUsed%": "100%"
    }
  },
  "netdev": {
    "br-5aecde62a9bf:": {
      "rv_bytes": "0",
      "rv_packets": "0",
      "rv_errs": "0",
      "rv_drop": "0",
      "rv_fifo": "0",
      "rv_frame": "0",
      "rv_comp": "0",
      "rv_mult": "0",
      "tran_bytes": "0",
      "tran_packets": "0",
      "tran_errs": "0",
      "tran_drop": "0",
      "tran_fifo": "0",
      "tran_colls": "0",
      "rv_carr": "0"
    },
    "br-4bf52679db34:": {
      "rv_bytes": "0",
      "rv_packets": "0",
      "rv_errs": "0",
      "rv_drop": "0",
      "rv_fifo": "0",
      "rv_frame": "0",
      "rv_comp": "0",
      "rv_mult": "0",
      "tran_bytes": "0",
      "tran_packets": "0",
      "tran_errs": "0",
      "tran_drop": "0",
      "tran_fifo": "0",
      "tran_colls": "0",
      "rv_carr": "0"
    },
    "br-6f6964177f97:": {
      "rv_bytes": "0",
      "rv_packets": "0",
      "rv_errs": "0",
      "rv_drop": "0",
      "rv_fifo": "0",
      "rv_frame": "0",
      "rv_comp": "0",
      "rv_mult": "0",
      "tran_bytes": "0",
      "tran_packets": "0",
      "tran_errs": "0",
      "tran_drop": "0",
      "tran_fifo": "0",
      "tran_colls": "0",
      "rv_carr": "0"
    },
    "docker0:": {
      "rv_bytes": "0",
      "rv_packets": "0",
      "rv_errs": "0",
      "rv_drop": "0",
      "rv_fifo": "0",
      "rv_frame": "0",
      "rv_comp": "0",
      "rv_mult": "0",
      "tran_bytes": "0",
      "tran_packets": "0",
      "tran_errs": "0",
      "tran_drop": "0",
      "tran_fifo": "0",
      "tran_colls": "0",
      "rv_carr": "0"
    },
    "eno2:": {
      "rv_bytes": "0",
      "rv_packets": "0",
      "rv_errs": "0",
      "rv_drop": "0",
      "rv_fifo": "0",
      "rv_frame": "0",
      "rv_comp": "0",
      "rv_mult": "0",
      "tran_bytes": "0",
      "tran_packets": "0",
      "tran_errs": "0",
      "tran_drop": "0",
      "tran_fifo": "0",
      "tran_colls": "0",
      "rv_carr": "0"
    },
    "eno1:": {
      "rv_bytes": "3378944915",
      "rv_packets": "9223072",
      "rv_errs": "0",
      "rv_drop": "0",
      "rv_fifo": "0",
      "rv_frame": "0",
      "rv_comp": "0",
      "rv_mult": "715943",
      "tran_bytes": "12683211036",
      "tran_packets": "11697695",
      "tran_errs": "0",
      "tran_drop": "0",
      "tran_fifo": "0",
      "tran_colls": "0",
      "rv_carr": "0"
    },
    "lo:": {
      "rv_bytes": "208506915",
      "rv_packets": "161999",
      "rv_errs": "0",
      "rv_drop": "0",
      "rv_fifo": "0",
      "rv_frame": "0",
      "rv_comp": "0",
      "rv_mult": "0",
      "tran_bytes": "208506915",
      "tran_packets": "161999",
      "tran_errs": "0",
      "tran_drop": "0",
      "tran_fifo": "0",
      "tran_colls": "0",
      "rv_carr": "0"
    }
  }
}{
  "timestamp": 1656303091,
  "loadlavg": {
    "cpu_treads": 12,
    "cpu_la1": "0.04",
    "cpu_la5": "0.12",
    "cpu_la15": "0.12"
  },
  "meminfo": {
    "MemTotal:": "16099264",
    "MemFree:": "2839360",
    "MemAvailable:": "9670184",
    "Buffers:": "803624",
    "Cached:": "6090416",
    "SwapCached:": "0",
    "Active:": "8486300",
    "Inactive:": "3797776",
    "Active(anon):": "5390092",
    "Inactive(anon):": "174532",
    "Active(file):": "3096208",
    "Inactive(file):": "3623244",
    "Unevictable:": "18756",
    "Mlocked:": "18756",
    "SwapTotal:": "4194300",
    "SwapFree:": "4194300",
    "Dirty:": "420",
    "Writeback:": "0",
    "AnonPages:": "5406308",
    "Mapped:": "930388",
    "Shmem:": "177452",
    "KReclaimable:": "453460",
    "Slab:": "748552",
    "SReclaimable:": "453460",
    "SUnreclaim:": "295092",
    "KernelStack:": "32304",
    "PageTables:": "58692",
    "NFS_Unstable:": "0",
    "Bounce:": "0",
    "WritebackTmp:": "0",
    "CommitLimit:": "12243932",
    "Committed_AS:": "15930192",
    "VmallocTotal:": "34359738367",
    "VmallocUsed:": "57064",
    "VmallocChunk:": "0",
    "Percpu:": "21120",
    "HardwareCorrupted:": "0",
    "AnonHugePages:": "2048",
    "ShmemHugePages:": "0",
    "ShmemPmdMapped:": "0",
    "FileHugePages:": "0",
    "FilePmdMapped:": "0",
    "CmaTotal:": "0",
    "CmaFree:": "0",
    "HugePages_Total:": "0",
    "HugePages_Free:": "0",
    "HugePages_Rsvd:": "0",
    "HugePages_Surp:": "0",
    "Hugepagesize:": "2048",
    "Hugetlb:": "0",
    "DirectMap4k:": "594944",
    "DirectMap2M:": "15890432",
    "DirectMap1G:": "0"
  },
  "diskstats": {
    "loop0": {
      "rd_comp": "80",
      "rd_mrg": "0",
      "rd_sector": "2468",
      "ms_reading": "211",
      "wr_comp": "0",
      "wr_mrg": "0",
      "wr_sector": "0",
      "ms_writting": "0",
      "cur_ios": "0",
      "ms_doing_io": "164",
      "ms_weighted": "176",
      "disc_comp": "0",
      "disc_merg": "0",
      "disc_sect": "0",
      "ms_disc": "0",
      "Inodes": "12849",
      "IUsed": "12849",
      "IFree": "0",
      "IUsed%": "100%"
    },
    "loop1": {
      "rd_comp": "54",
      "rd_mrg": "0",
      "rd_sector": "974",
      "ms_reading": "84",
      "wr_comp": "0",
      "wr_mrg": "0",
      "wr_sector": "0",
      "ms_writting": "0",
      "cur_ios": "0",
      "ms_doing_io": "104",
      "ms_weighted": "60",
      "disc_comp": "0",
      "disc_merg": "0",
      "disc_sect": "0",
      "ms_disc": "0",
      "Inodes": "10849",
      "IUsed": "10849",
      "IFree": "0",
      "IUsed%": "100%"
    },
    "loop2": {
      "rd_comp": "30722",
      "rd_mrg": "0",
      "rd_sector": "63734",
      "ms_reading": "28134",
      "wr_comp": "0",
      "wr_mrg": "0",
      "wr_sector": "0",
      "ms_writting": "0",
      "cur_ios": "0",
      "ms_doing_io": "3100",
      "ms_weighted": "22648",
      "disc_comp": "0",
      "disc_merg": "0",
      "disc_sect": "0",
      "ms_disc": "0",
      "Inodes": "5814",
      "IUsed": "5814",
      "IFree": "0",
      "IUsed%": "100%"
    },
    "loop3": {
      "rd_comp": "3702",
      "rd_mrg": "0",
      "rd_sector": "8270",
      "ms_reading": "17531",
      "wr_comp": "0",
      "wr_mrg": "0",
      "wr_sector": "0",
      "ms_writting": "0",
      "cur_ios": "0",
      "ms_doing_io": "1036",
      "ms_weighted": "14800",
      "disc_comp": "0",
      "disc_merg": "0",
      "disc_sect": "0",
      "ms_disc": "0",
      "Inodes": "10857",
      "IUsed": "10857",
      "IFree": "0",
      "IUsed%": "100%"
    },
    "loop4": {
      "rd_comp": "63",
      "rd_mrg": "0",
      "rd_sector": "2446",
      "ms_reading": "160",
      "wr_comp": "0",
      "wr_mrg": "0",
      "wr_sector": "0",
      "ms_writting": "0",
      "cur_ios": "0",
      "ms_doing_io": "148",
      "ms_weighted": "120",
      "disc_comp": "0",
      "disc_merg": "0",
      "disc_sect": "0",
      "ms_disc": "0",
      "Inodes": "12848",
      "IUsed": "12848",
      "IFree": "0",
      "IUsed%": "100%"
    },
    "loop5": {
      "rd_comp": "78",
      "rd_mrg": "0",
      "rd_sector": "2446",
      "ms_reading": "234",
      "wr_comp": "0",
      "wr_mrg": "0",
      "wr_sector": "0",
      "ms_writting": "0",
      "cur_ios": "0",
      "ms_doing_io": "196",
      "ms_weighted": "180",
      "disc_comp": "0",
      "disc_merg": "0",
      "disc_sect": "0",
      "ms_disc": "0",
      "Inodes": "802",
      "IUsed": "802",
      "IFree": "0",
      "IUsed%": "100%"
    },
    "loop6": {
      "rd_comp": "59",
      "rd_mrg": "0",
      "rd_sector": "2152",
      "ms_reading": "156",
      "wr_comp": "0",
      "wr_mrg": "0",
      "wr_sector": "0",
      "ms_writting": "0",
      "cur_ios": "0",
      "ms_doing_io": "124",
      "ms_weighted": "128",
      "disc_comp": "0",
      "disc_merg": "0",
      "disc_sect": "0",
      "ms_disc": "0",
      "Inodes": "2000503",
      "IUsed": "567",
      "IFree": "1999936",
      "IUsed%": "1%"
    },
    "loop7": {
      "rd_comp": "68",
      "rd_mrg": "0",
      "rd_sector": "2444",
      "ms_reading": "157",
      "wr_comp": "0",
      "wr_mrg": "0",
      "wr_sector": "0",
      "ms_writting": "0",
      "cur_ios": "0",
      "ms_doing_io": "168",
      "ms_weighted": "116",
      "disc_comp": "0",
      "disc_merg": "0",
      "disc_sect": "0",
      "ms_disc": "0",
      "Inodes": "804",
      "IUsed": "804",
      "IFree": "0",
      "IUsed%": "100%"
    },
    "sdc": {
      "rd_comp": "62905",
      "rd_mrg": "18618",
      "rd_sector": "4446759",
      "ms_reading": "172671",
      "wr_comp": "7393578",
      "wr_mrg": "2867597",
      "wr_sector": "124390010",
      "ms_writting": "29632219",
      "cur_ios": "0",
      "ms_doing_io": "3277904",
      "ms_weighted": "23788584",
      "disc_comp": "0",
      "disc_merg": "0",
      "disc_sect": "0",
      "ms_disc": "0",
      "Inodes": "2000503",
      "IUsed": "567",
      "IFree": "1999936",
      "IUsed%": "1%"
    },
    "sdc1": {
      "rd_comp": "2484",
      "rd_mrg": "121",
      "rd_sector": "31052",
      "ms_reading": "10770",
      "wr_comp": "2",
      "wr_mrg": "0",
      "wr_sector": "2",
      "ms_writting": "0",
      "cur_ios": "0",
      "ms_doing_io": "780",
      "ms_weighted": "6360",
      "disc_comp": "0",
      "disc_merg": "0",
      "disc_sect": "0",
      "ms_disc": "0",
      "Inodes": "0",
      "IUsed": "0",
      "IFree": "0",
      "IUsed%": "-"
    },
    "sdc2": {
      "rd_comp": "559",
      "rd_mrg": "353",
      "rd_sector": "53100",
      "ms_reading": "769",
      "wr_comp": "603",
      "wr_mrg": "123",
      "wr_sector": "216600",
      "ms_writting": "14101",
      "cur_ios": "0",
      "ms_doing_io": "1764",
      "ms_weighted": "13688",
      "disc_comp": "0",
      "disc_merg": "0",
      "disc_sect": "0",
      "ms_disc": "0",
      "Inodes": "98304",
      "IUsed": "311",
      "IFree": "97993",
      "IUsed%": "1%"
    },
    "sdc3": {
      "rd_comp": "59238",
      "rd_mrg": "18144",
      "rd_sector": "4341960",
      "ms_reading": "160922",
      "wr_comp": "7392973",
      "wr_mrg": "2867474",
      "wr_sector": "124173408",
      "ms_writting": "29618117",
      "cur_ios": "0",
      "ms_doing_io": "3276228",
      "ms_weighted": "23768444",
      "disc_comp": "0",
      "disc_merg": "0",
      "disc_sect": "0",
      "ms_disc": "0",
      "Inodes": "2000503",
      "IUsed": "567",
      "IFree": "1999936",
      "IUsed%": "1%"
    },
    "sda": {
      "rd_comp": "393",
      "rd_mrg": "0",
      "rd_sector": "29563",
      "ms_reading": "999",
      "wr_comp": "0",
      "wr_mrg": "0",
      "wr_sector": "0",
      "ms_writting": "0",
      "cur_ios": "0",
      "ms_doing_io": "1048",
      "ms_weighted": "864",
      "disc_comp": "0",
      "disc_merg": "0",
      "disc_sect": "0",
      "ms_disc": "0",
      "Inodes": "2000503",
      "IUsed": "567",
      "IFree": "1999936",
      "IUsed%": "1%"
    },
    "sda1": {
      "rd_comp": "254",
      "rd_mrg": "0",
      "rd_sector": "23844",
      "ms_reading": "557",
      "wr_comp": "0",
      "wr_mrg": "0",
      "wr_sector": "0",
      "ms_writting": "0",
      "cur_ios": "0",
      "ms_doing_io": "624",
      "ms_weighted": "472",
      "disc_comp": "0",
      "disc_merg": "0",
      "disc_sect": "0",
      "ms_disc": "0",
      "Inodes": "2000503",
      "IUsed": "567",
      "IFree": "1999936",
      "IUsed%": "1%"
    },
    "sdb": {
      "rd_comp": "393",
      "rd_mrg": "0",
      "rd_sector": "29563",
      "ms_reading": "952",
      "wr_comp": "0",
      "wr_mrg": "0",
      "wr_sector": "0",
      "ms_writting": "0",
      "cur_ios": "0",
      "ms_doing_io": "1012",
      "ms_weighted": "796",
      "disc_comp": "0",
      "disc_merg": "0",
      "disc_sect": "0",
      "ms_disc": "0",
      "Inodes": "2000503",
      "IUsed": "567",
      "IFree": "1999936",
      "IUsed%": "1%"
    },
    "sdb1": {
      "rd_comp": "254",
      "rd_mrg": "0",
      "rd_sector": "23844",
      "ms_reading": "561",
      "wr_comp": "0",
      "wr_mrg": "0",
      "wr_sector": "0",
      "ms_writting": "0",
      "cur_ios": "0",
      "ms_doing_io": "640",
      "ms_weighted": "460",
      "disc_comp": "0",
      "disc_merg": "0",
      "disc_sect": "0",
      "ms_disc": "0",
      "Inodes": "2000503",
      "IUsed": "567",
      "IFree": "1999936",
      "IUsed%": "1%"
    },
    "dm-0": {
      "rd_comp": "77119",
      "rd_mrg": "0",
      "rd_sector": "4149014",
      "ms_reading": "310924",
      "wr_comp": "10219547",
      "wr_mrg": "0",
      "wr_sector": "124173408",
      "ms_writting": "36872988",
      "cur_ios": "0",
      "ms_doing_io": "3266576",
      "ms_weighted": "37183912",
      "disc_comp": "0",
      "disc_merg": "0",
      "disc_sect": "0",
      "ms_disc": "0",
      "Inodes": "247349248",
      "IUsed": "616318",
      "IFree": "246732930",
      "IUsed%": "1%"
    },
    "loop8": {
      "rd_comp": "16424",
      "rd_mrg": "0",
      "rd_sector": "33720",
      "ms_reading": "16402",
      "wr_comp": "0",
      "wr_mrg": "0",
      "wr_sector": "0",
      "ms_writting": "0",
      "cur_ios": "0",
      "ms_doing_io": "1392",
      "ms_weighted": "12356",
      "disc_comp": "0",
      "disc_merg": "0",
      "disc_sect": "0",
      "ms_disc": "0",
      "Inodes": "16",
      "IUsed": "16",
      "IFree": "0",
      "IUsed%": "100%"
    },
    "loop9": {
      "rd_comp": "61",
      "rd_mrg": "0",
      "rd_sector": "2440",
      "ms_reading": "133",
      "wr_comp": "0",
      "wr_mrg": "0",
      "wr_sector": "0",
      "ms_writting": "0",
      "cur_ios": "0",
      "ms_doing_io": "112",
      "ms_weighted": "100",
      "disc_comp": "0",
      "disc_merg": "0",
      "disc_sect": "0",
      "ms_disc": "0",
      "Inodes": "796",
      "IUsed": "796",
      "IFree": "0",
      "IUsed%": "100%"
    },
    "loop10": {
      "rd_comp": "56",
      "rd_mrg": "0",
      "rd_sector": "972",
      "ms_reading": "132",
      "wr_comp": "0",
      "wr_mrg": "0",
      "wr_sector": "0",
      "ms_writting": "0",
      "cur_ios": "0",
      "ms_doing_io": "152",
      "ms_weighted": "92",
      "disc_comp": "0",
      "disc_merg": "0",
      "disc_sect": "0",
      "ms_disc": "0",
      "Inodes": "11789",
      "IUsed": "11789",
      "IFree": "0",
      "IUsed%": "100%"
    },
    "loop11": {
      "rd_comp": "49",
      "rd_mrg": "0",
      "rd_sector": "965",
      "ms_reading": "99",
      "wr_comp": "0",
      "wr_mrg": "0",
      "wr_sector": "0",
      "ms_writting": "0",
      "cur_ios": "0",
      "ms_doing_io": "112",
      "ms_weighted": "68",
      "disc_comp": "0",
      "disc_merg": "0",
      "disc_sect": "0",
      "ms_disc": "0",
      "Inodes": "13",
      "IUsed": "13",
      "IFree": "0",
      "IUsed%": "100%"
    },
    "loop12": {
      "rd_comp": "1513",
      "rd_mrg": "0",
      "rd_sector": "3922",
      "ms_reading": "4212",
      "wr_comp": "0",
      "wr_mrg": "0",
      "wr_sector": "0",
      "ms_writting": "0",
      "cur_ios": "0",
      "ms_doing_io": "404",
      "ms_weighted": "3332",
      "disc_comp": "0",
      "disc_merg": "0",
      "disc_sect": "0",
      "ms_disc": "0",
      "Inodes": "11789",
      "IUsed": "11789",
      "IFree": "0",
      "IUsed%": "100%"
    },
    "loop13": {
      "rd_comp": "52",
      "rd_mrg": "0",
      "rd_sector": "970",
      "ms_reading": "63",
      "wr_comp": "0",
      "wr_mrg": "0",
      "wr_sector": "0",
      "ms_writting": "0",
      "cur_ios": "0",
      "ms_doing_io": "56",
      "ms_weighted": "44",
      "disc_comp": "0",
      "disc_merg": "0",
      "disc_sect": "0",
      "ms_disc": "0",
      "Inodes": "484",
      "IUsed": "484",
      "IFree": "0",
      "IUsed%": "100%"
    },
    "loop14": {
      "rd_comp": "67",
      "rd_mrg": "0",
      "rd_sector": "2448",
      "ms_reading": "55",
      "wr_comp": "0",
      "wr_mrg": "0",
      "wr_sector": "0",
      "ms_writting": "0",
      "cur_ios": "0",
      "ms_doing_io": "72",
      "ms_weighted": "24",
      "disc_comp": "0",
      "disc_merg": "0",
      "disc_sect": "0",
      "ms_disc": "0",
      "Inodes": "5814",
      "IUsed": "5814",
      "IFree": "0",
      "IUsed%": "100%"
    },
    "loop15": {
      "rd_comp": "76",
      "rd_mrg": "0",
      "rd_sector": "2454",
      "ms_reading": "134",
      "wr_comp": "0",
      "wr_mrg": "0",
      "wr_sector": "0",
      "ms_writting": "0",
      "cur_ios": "0",
      "ms_doing_io": "140",
      "ms_weighted": "96",
      "disc_comp": "0",
      "disc_merg": "0",
      "disc_sect": "0",
      "ms_disc": "0",
      "Inodes": "51464",
      "IUsed": "51464",
      "IFree": "0",
      "IUsed%": "100%"
    },
    "loop16": {
      "rd_comp": "21127",
      "rd_mrg": "0",
      "rd_sector": "43120",
      "ms_reading": "26436",
      "wr_comp": "0",
      "wr_mrg": "0",
      "wr_sector": "0",
      "ms_writting": "0",
      "cur_ios": "0",
      "ms_doing_io": "1860",
      "ms_weighted": "20960",
      "disc_comp": "0",
      "disc_merg": "0",
      "disc_sect": "0",
      "ms_disc": "0",
      "Inodes": "486",
      "IUsed": "486",
      "IFree": "0",
      "IUsed%": "100%"
    },
    "loop17": {
      "rd_comp": "58",
      "rd_mrg": "0",
      "rd_sector": "988",
      "ms_reading": "89",
      "wr_comp": "0",
      "wr_mrg": "0",
      "wr_sector": "0",
      "ms_writting": "0",
      "cur_ios": "0",
      "ms_doing_io": "88",
      "ms_weighted": "56",
      "disc_comp": "0",
      "disc_merg": "0",
      "disc_sect": "0",
      "ms_disc": "0",
      "Inodes": "3933",
      "IUsed": "3933",
      "IFree": "0",
      "IUsed%": "100%"
    },
    "loop18": {
      "rd_comp": "73",
      "rd_mrg": "0",
      "rd_sector": "2460",
      "ms_reading": "1",
      "wr_comp": "0",
      "wr_mrg": "0",
      "wr_sector": "0",
      "ms_writting": "0",
      "cur_ios": "0",
      "ms_doing_io": "24",
      "ms_weighted": "0",
      "disc_comp": "0",
      "disc_merg": "0",
      "disc_sect": "0",
      "ms_disc": "0",
      "Inodes": "804",
      "IUsed": "804",
      "IFree": "0",
      "IUsed%": "100%"
    }
  },
  "netdev": {
    "br-5aecde62a9bf:": {
      "rv_bytes": "0",
      "rv_packets": "0",
      "rv_errs": "0",
      "rv_drop": "0",
      "rv_fifo": "0",
      "rv_frame": "0",
      "rv_comp": "0",
      "rv_mult": "0",
      "tran_bytes": "0",
      "tran_packets": "0",
      "tran_errs": "0",
      "tran_drop": "0",
      "tran_fifo": "0",
      "tran_colls": "0",
      "rv_carr": "0"
    },
    "br-4bf52679db34:": {
      "rv_bytes": "0",
      "rv_packets": "0",
      "rv_errs": "0",
      "rv_drop": "0",
      "rv_fifo": "0",
      "rv_frame": "0",
      "rv_comp": "0",
      "rv_mult": "0",
      "tran_bytes": "0",
      "tran_packets": "0",
      "tran_errs": "0",
      "tran_drop": "0",
      "tran_fifo": "0",
      "tran_colls": "0",
      "rv_carr": "0"
    },
    "br-6f6964177f97:": {
      "rv_bytes": "0",
      "rv_packets": "0",
      "rv_errs": "0",
      "rv_drop": "0",
      "rv_fifo": "0",
      "rv_frame": "0",
      "rv_comp": "0",
      "rv_mult": "0",
      "tran_bytes": "0",
      "tran_packets": "0",
      "tran_errs": "0",
      "tran_drop": "0",
      "tran_fifo": "0",
      "tran_colls": "0",
      "rv_carr": "0"
    },
    "docker0:": {
      "rv_bytes": "0",
      "rv_packets": "0",
      "rv_errs": "0",
      "rv_drop": "0",
      "rv_fifo": "0",
      "rv_frame": "0",
      "rv_comp": "0",
      "rv_mult": "0",
      "tran_bytes": "0",
      "tran_packets": "0",
      "tran_errs": "0",
      "tran_drop": "0",
      "tran_fifo": "0",
      "tran_colls": "0",
      "rv_carr": "0"
    },
    "eno2:": {
      "rv_bytes": "0",
      "rv_packets": "0",
      "rv_errs": "0",
      "rv_drop": "0",
      "rv_fifo": "0",
      "rv_frame": "0",
      "rv_comp": "0",
      "rv_mult": "0",
      "tran_bytes": "0",
      "tran_packets": "0",
      "tran_errs": "0",
      "tran_drop": "0",
      "tran_fifo": "0",
      "tran_colls": "0",
      "rv_carr": "0"
    },
    "eno1:": {
      "rv_bytes": "3378970388",
      "rv_packets": "9223366",
      "rv_errs": "0",
      "rv_drop": "0",
      "rv_fifo": "0",
      "rv_frame": "0",
      "rv_comp": "0",
      "rv_mult": "715954",
      "tran_bytes": "12683378252",
      "tran_packets": "11698031",
      "tran_errs": "0",
      "tran_drop": "0",
      "tran_fifo": "0",
      "tran_colls": "0",
      "rv_carr": "0"
    },
    "lo:": {
      "rv_bytes": "208522469",
      "rv_packets": "162013",
      "rv_errs": "0",
      "rv_drop": "0",
      "rv_fifo": "0",
      "rv_frame": "0",
      "rv_comp": "0",
      "rv_mult": "0",
      "tran_bytes": "208522469",
      "tran_packets": "162013",
      "tran_errs": "0",
      "tran_drop": "0",
      "tran_fifo": "0",
      "tran_colls": "0",
      "rv_carr": "0"
    }
  }
}